<?xml version="1.0" encoding="UTF-8"?>
<!-- Generated by org.testng.reporters.JUnitReportReporter -->
<testsuite hostname="Agalyas-MacBook-Pro.local" name="tests.SampleTest" tests="3" failures="0" timestamp="28 Mar 2014 11:30:10 GMT" time="5.518" errors="0">
  <testcase name="moveSlider" time="1.145" classname="tests.SampleTest"/>
  <testcase name="checkSliderDefaultposition" time="0.416" classname="tests.SampleTest"/>
  <testcase name="computeSum" time="3.957" classname="tests.SampleTest"/>
</testsuite> <!-- tests.SampleTest -->
